<?xml version="1.0" encoding="UTF-8"?>
<testsuite name="org.domain.GAS.test.RegistrazioneCyberContadinoTest" failures="1" tests="1" time="1.746" errors="0">
  <properties/>
  <testcase name="test_registrazioneCyberContadino" time="0.223" classname="org.domain.GAS.test.RegistrazioneCyberContadinoTest">
    <failure type="java.lang.AssertionError" message="javax.el.PropertyNotFoundException: Target Unreachable, &apos;provincia&apos; returned null on &apos;org.domain.GAS.session.ComuneProvinciaBean_$$_javassist_1&apos;">
      <![CDATA[java.lang.AssertionError: javax.el.PropertyNotFoundException: Target Unreachable, 'provincia' returned null on 'org.domain.GAS.session.ComuneProvinciaBean_$$_javassist_1'
	at org.jboss.seam.mock.AbstractSeamTest$Request.onException(AbstractSeamTest.java:455)
	at org.jboss.seam.mock.AbstractSeamTest$Request$2.doFilter(AbstractSeamTest.java:504)
	at org.jboss.seam.servlet.SeamFilter$FilterChainImpl.doFilter(SeamFilter.java:83)
	at org.jboss.seam.web.IdentityFilter.doFilter(IdentityFilter.java:40)
	at org.jboss.seam.servlet.SeamFilter$FilterChainImpl.doFilter(SeamFilter.java:69)
	at org.jboss.seam.web.MultipartFilter.doFilter(MultipartFilter.java:90)
	at org.jboss.seam.servlet.SeamFilter$FilterChainImpl.doFilter(SeamFilter.java:69)
	at org.jboss.seam.web.ExceptionFilter.doFilter(ExceptionFilter.java:64)
	at org.jboss.seam.servlet.SeamFilter$FilterChainImpl.doFilter(SeamFilter.java:69)
	at org.jboss.seam.web.RedirectFilter.doFilter(RedirectFilter.java:45)
	at org.jboss.seam.servlet.SeamFilter$FilterChainImpl.doFilter(SeamFilter.java:69)
	at org.ajax4jsf.webapp.BaseXMLFilter.doXmlFilter(BaseXMLFilter.java:177)
	at org.ajax4jsf.webapp.BaseFilter.handleRequest(BaseFilter.java:267)
	at org.ajax4jsf.webapp.BaseFilter.processUploadsAndHandleRequest(BaseFilter.java:380)
	at org.ajax4jsf.webapp.BaseFilter.doFilter(BaseFilter.java:507)
	at org.jboss.seam.web.Ajax4jsfFilter.doFilter(Ajax4jsfFilter.java:56)
	at org.jboss.seam.servlet.SeamFilter$FilterChainImpl.doFilter(SeamFilter.java:69)
	at org.jboss.seam.web.LoggingFilter.doFilter(LoggingFilter.java:58)
	at org.jboss.seam.servlet.SeamFilter$FilterChainImpl.doFilter(SeamFilter.java:69)
	at org.jboss.seam.web.HotDeployFilter.doFilter(HotDeployFilter.java:53)
	at org.jboss.seam.servlet.SeamFilter$FilterChainImpl.doFilter(SeamFilter.java:69)
	at org.jboss.seam.servlet.SeamFilter.doFilter(SeamFilter.java:158)
	at org.jboss.seam.mock.AbstractSeamTest$Request.run(AbstractSeamTest.java:491)
	at org.domain.GAS.test.RegistrazioneCyberContadinoTest.test_registrazioneCyberContadino(RegistrazioneCyberContadinoTest.java:74)
Caused by: javax.el.PropertyNotFoundException: Target Unreachable, 'provincia' returned null on 'org.domain.GAS.session.ComuneProvinciaBean_$$_javassist_1'
	at org.jboss.el.parser.AstPropertySuffix.getTarget(AstPropertySuffix.java:40)
	at org.jboss.el.parser.AstValue.getTarget(AstValue.java:47)
	at org.jboss.el.parser.AstValue.setValue(AstValue.java:83)
	at org.jboss.el.ValueExpressionImpl.setValue(ValueExpressionImpl.java:249)
	at org.jboss.seam.core.Validators.validate(Validators.java:132)
	at org.jboss.seam.mock.AbstractSeamTest$Request.validateValue(AbstractSeamTest.java:440)
	at org.domain.GAS.test.RegistrazioneCyberContadinoTest$1.processValidations(RegistrazioneCyberContadinoTest.java:20)
	at org.jboss.seam.mock.AbstractSeamTest$Request.processValidationsPhase(AbstractSeamTest.java:687)
	at org.jboss.seam.mock.AbstractSeamTest$Request.emulateJsfLifecycle(AbstractSeamTest.java:589)
	at org.jboss.seam.mock.AbstractSeamTest$Request.access$300(AbstractSeamTest.java:177)
	at org.jboss.seam.mock.AbstractSeamTest$Request$2.doFilter(AbstractSeamTest.java:497)
	... 44 more
... Removed 22 stack frames]]>
    </failure>
  </testcase>
</testsuite>
